./user/1/temp/test.c:1:1: error: expected identifier or '(' before '<' token
./user/1/temp/test.c:10:1: error: stray '\354' in program
./user/1/temp/test.c:10:1: error: stray '\225' in program
./user/1/temp/test.c:10:1: error: stray '\204' in program
./user/1/temp/test.c:10:1: error: stray '\353' in program
./user/1/temp/test.c:10:1: error: stray '\237' in program
./user/1/temp/test.c:10:1: error: stray '\274' in program
./user/1/temp/test.c:10:1: error: stray '\354' in program
./user/1/temp/test.c:10:1: error: stray '\226' in program
./user/1/temp/test.c:10:1: error: stray '\264' in program
./user/1/temp/test.c:10:1: error: stray '\353' in program
./user/1/temp/test.c:10:1: error: stray '\235' in program
./user/1/temp/test.c:10:1: error: stray '\274' in program
./user/1/temp/test.c:10:1: error: stray '\353' in program
./user/1/temp/test.c:10:1: error: stray '\260' in program
./user/1/temp/test.c:10:1: error: stray '\215' in program
./user/1/temp/test.c:10:1: error: stray '\343' in program
./user/1/temp/test.c:10:1: error: stray '\204' in program
./user/1/temp/test.c:10:1: error: stray '\271' in program
./user/1/temp/test.c:11:3: error: stray '\343' in program
./user/1/temp/test.c:11:3: error: stray '\205' in program
./user/1/temp/test.c:11:3: error: stray '\207' in program
./user/1/temp/test.c:11:3: error: stray '\343' in program
./user/1/temp/test.c:11:3: error: stray '\204' in program
./user/1/temp/test.c:11:3: error: stray '\271' in program
./user/1/temp/test.c:11:3: error: stray '\343' in program
./user/1/temp/test.c:11:3: error: stray '\205' in program
./user/1/temp/test.c:11:3: error: stray '\201' in program
./user/1/temp/test.c:11:3: error: stray '\343' in program
./user/1/temp/test.c:11:3: error: stray '\205' in program
./user/1/temp/test.c:11:3: error: stray '\207' in program
./user/1/temp/test.c:11:3: error: stray '\343' in program
./user/1/temp/test.c:11:3: error: stray '\204' in program
./user/1/temp/test.c:11:3: error: stray '\264' in program
./user/1/temp/test.c:11:3: error: stray '\343' in program
./user/1/temp/test.c:11:3: error: stray '\204' in program
./user/1/temp/test.c:11:3: error: stray '\271' in program
./user/1/temp/test.c:12:3: error: stray '\343' in program
./user/1/temp/test.c:12:3: error: stray '\205' in program
./user/1/temp/test.c:12:3: error: stray '\201' in program
./user/1/temp/test.c:12:3: error: stray '\343' in program
./user/1/temp/test.c:12:3: error: stray '\204' in program
./user/1/temp/test.c:12:3: error: stray '\264' in program
./user/1/temp/test.c:12:3: error: stray '\343' in program
./user/1/temp/test.c:12:3: error: stray '\205' in program
./user/1/temp/test.c:12:3: error: stray '\207' in program
./user/1/temp/test.c:12:3: error: stray '\343' in program
./user/1/temp/test.c:12:3: error: stray '\204' in program
./user/1/temp/test.c:12:3: error: stray '\271' in program
./user/1/temp/test.c:13:3: error: stray '\343' in program
./user/1/temp/test.c:13:3: error: stray '\205' in program
./user/1/temp/test.c:13:3: error: stray '\201' in program
./user/1/temp/test.c:13:3: error: stray '\343' in program
./user/1/temp/test.c:13:3: error: stray '\205' in program
./user/1/temp/test.c:13:3: error: stray '\207' in program
./user/1/temp/test.c:13:3: error: stray '\343' in program
./user/1/temp/test.c:13:3: error: stray '\204' in program
./user/1/temp/test.c:13:3: error: stray '\264' in program
./user/1/temp/test.c:13:3: error: stray '\343' in program
./user/1/temp/test.c:13:3: error: stray '\204' in program
./user/1/temp/test.c:13:3: error: stray '\271' in program
./user/1/temp/test.c:14:3: error: stray '\343' in program
./user/1/temp/test.c:14:3: error: stray '\205' in program
./user/1/temp/test.c:14:3: error: stray '\201' in program
./user/1/temp/test.c:14:3: error: stray '\343' in program
./user/1/temp/test.c:14:3: error: stray '\204' in program
./user/1/temp/test.c:14:3: error: stray '\264' in program
./user/1/temp/test.c:14:3: error: stray '\343' in program
./user/1/temp/test.c:14:3: error: stray '\205' in program
./user/1/temp/test.c:14:3: error: stray '\207' in program
./user/1/temp/test.c:15:4: error: stray '\343' in program
./user/1/temp/test.c:15:4: error: stray '\204' in program
./user/1/temp/test.c:15:4: error: stray '\264' in program
./user/1/temp/test.c:15:4: error: stray '\343' in program
./user/1/temp/test.c:15:4: error: stray '\205' in program
./user/1/temp/test.c:15:4: error: stray '\207' in program
./user/1/temp/test.c:15:4: error: stray '\343' in program
./user/1/temp/test.c:15:4: error: stray '\204' in program
./user/1/temp/test.c:15:4: error: stray '\271' in program
./user/1/temp/test.c:15:4: error: stray '\343' in program
./user/1/temp/test.c:15:4: error: stray '\204' in program
./user/1/temp/test.c:15:4: error: stray '\264' in program
./user/1/temp/test.c:15:4: error: stray '\343' in program
./user/1/temp/test.c:15:4: error: stray '\205' in program
./user/1/temp/test.c:15:4: error: stray '\207' in program
./user/1/temp/test.c:15:4: error: stray '\343' in program
./user/1/temp/test.c:15:4: error: stray '\204' in program
./user/1/temp/test.c:15:4: error: stray '\271' in program
./user/1/temp/test.c:16:2: error: stray '\343' in program
./user/1/temp/test.c:16:2: error: stray '\205' in program
./user/1/temp/test.c:16:2: error: stray '\207' in program
./user/1/temp/test.c:16:2: error: stray '\343' in program
./user/1/temp/test.c:16:2: error: stray '\204' in program
./user/1/temp/test.c:16:2: error: stray '\271' in program
./user/1/temp/test.c:16:2: error: stray '\343' in program
./user/1/temp/test.c:16:2: error: stray '\204' in program
./user/1/temp/test.c:16:2: error: stray '\264' in program
./user/1/temp/test.c:16:2: error: stray '\343' in program
./user/1/temp/test.c:16:2: error: stray '\205' in program
./user/1/temp/test.c:16:2: error: stray '\207' in program
./user/1/temp/test.c:16:2: error: stray '\343' in program
./user/1/temp/test.c:16:2: error: stray '\204' in program
./user/1/temp/test.c:16:2: error: stray '\271' in program
In file included from /usr/include/stdio.h:75:0,
                 from ./user/1/temp/test.c:18:
/usr/include/libio.h:334:3: error: unknown type name 'size_t'
/usr/include/libio.h:338:67: error: 'size_t' undeclared here (not in a function)
/usr/include/libio.h:366:62: error: expected declaration specifiers or '...' before 'size_t'
/usr/include/libio.h:375:6: error: expected declaration specifiers or '...' before 'size_t'
/usr/include/libio.h:497:19: error: expected '=', ',', ';', 'asm' or '__attribute__' before '_IO_sgetn'
In file included from ./user/1/temp/test.c:18:0:
/usr/include/stdio.h:320:35: error: expected declaration specifiers or '...' before 'size_t'
/usr/include/stdio.h:326:47: error: expected declaration specifiers or '...' before 'size_t'
/usr/include/stdio.h:338:20: error: expected declaration specifiers or '...' before 'size_t'
/usr/include/stdio.h:345:10: error: expected declaration specifiers or '...' before 'size_t'
/usr/include/stdio.h:387:44: error: expected declaration specifiers or '...' before 'size_t'
/usr/include/stdio.h:391:45: error: expected declaration specifiers or '...' before 'size_t'
/usr/include/stdio.h:663:11: error: expected declaration specifiers or '...' before 'size_t'
/usr/include/stdio.h:666:9: error: expected declaration specifiers or '...' before 'size_t'
/usr/include/stdio.h:676:8: error: expected declaration specifiers or '...' before 'size_t'
/usr/include/stdio.h:706:15: error: expected '=', ',', ';', 'asm' or '__attribute__' before 'fread'
/usr/include/stdio.h:712:15: error: expected '=', ',', ';', 'asm' or '__attribute__' before 'fwrite'
/usr/include/stdio.h:734:15: error: expected '=', ',', ';', 'asm' or '__attribute__' before 'fread_unlocked'
/usr/include/stdio.h:736:15: error: expected '=', ',', ';', 'asm' or '__attribute__' before 'fwrite_unlocked'
./user/1/temp/test.c:26:2: error: expected identifier or '(' before '<' token
